<?xml version="1.0" encoding="utf-8"?><testsuites name="pytest tests"><testsuite name="pytest" errors="0" failures="0" skipped="0" tests="11" time="3.360" timestamp="2026-05-13T12:18:58.590843+00:00" hostname="agent-env-d2a4128d-d0bd-4d4d-bf2c-3dc09359c377"><testcase classname="backend.tests.test_zenstay_iter3.TestHostContact" name="test_create_host_contact_public" time="0.515" /><testcase classname="backend.tests.test_zenstay_iter3.TestHostContact" name="test_create_host_contact_invalid_email" time="0.126" /><testcase classname="backend.tests.test_zenstay_iter3.TestHostContact" name="test_admin_host_contacts_auth" time="0.337" /><testcase classname="backend.tests.test_zenstay_iter3.TestUpload" name="test_upload_requires_auth" time="0.102" /><testcase classname="backend.tests.test_zenstay_iter3.TestUpload" name="test_upload_forbidden_for_user" time="0.105" /><testcase classname="backend.tests.test_zenstay_iter3.TestUpload" name="test_upload_rejects_non_image" time="0.145" /><testcase classname="backend.tests.test_zenstay_iter3.TestUpload" name="test_upload_rejects_oversize" time="0.690" /><testcase classname="backend.tests.test_zenstay_iter3.TestUpload" name="test_upload_png_ok" time="0.352" /><testcase classname="backend.tests.test_zenstay_iter3.TestUpload" name="test_serve_file_ok" time="0.206" /><testcase classname="backend.tests.test_zenstay_iter3.TestUpload" name="test_serve_file_not_found" time="0.139" /><testcase classname="backend.tests.test_zenstay_iter3.TestEmailHelper" name="test_send_booking_confirmation_no_exception" time="0.501" /></testsuite></testsuites>