<?xml version="1.0" encoding="utf-8"?><testsuites name="pytest tests"><testsuite name="pytest" errors="0" failures="0" skipped="0" tests="60" time="14.187" timestamp="2026-05-13T12:54:49.516397+00:00" hostname="agent-env-d2a4128d-d0bd-4d4d-bf2c-3dc09359c377"><testcase classname="backend.tests.test_zenstay" name="test_root" time="0.144" /><testcase classname="backend.tests.test_zenstay" name="test_listings_public" time="0.111" /><testcase classname="backend.tests.test_zenstay" name="test_listing_detail" time="0.291" /><testcase classname="backend.tests.test_zenstay" name="test_listing_not_found" time="0.101" /><testcase classname="backend.tests.test_zenstay" name="test_session_bad" time="0.229" /><testcase classname="backend.tests.test_zenstay" name="test_session_missing" time="0.120" /><testcase classname="backend.tests.test_zenstay" name="test_me_no_auth" time="0.134" /><testcase classname="backend.tests.test_zenstay" name="test_me_bearer" time="0.097" /><testcase classname="backend.tests.test_zenstay" name="test_reservation_requires_auth" time="0.101" /><testcase classname="backend.tests.test_zenstay" name="test_reservation_create_and_list" time="0.922" /><testcase classname="backend.tests.test_zenstay" name="test_admin_listings_auth" time="0.335" /><testcase classname="backend.tests.test_zenstay" name="test_admin_crud_listing" time="0.574" /><testcase classname="backend.tests.test_zenstay" name="test_admin_reservations_auth" time="0.347" /><testcase classname="backend.tests.test_zenstay" name="test_payment_requires_auth" time="0.173" /><testcase classname="backend.tests.test_zenstay" name="test_payment_checkout_and_status" time="1.797" /><testcase classname="backend.tests.test_zenstay" name="test_payment_status_unknown" time="0.121" /><testcase classname="backend.tests.test_zenstay_iter3.TestHostContact" name="test_create_host_contact_public" time="0.357" /><testcase classname="backend.tests.test_zenstay_iter3.TestHostContact" name="test_create_host_contact_invalid_email" time="0.106" /><testcase classname="backend.tests.test_zenstay_iter3.TestHostContact" name="test_admin_host_contacts_auth" time="0.341" /><testcase classname="backend.tests.test_zenstay_iter3.TestUpload" name="test_upload_requires_auth" time="0.100" /><testcase classname="backend.tests.test_zenstay_iter3.TestUpload" name="test_upload_forbidden_for_user" time="0.121" /><testcase classname="backend.tests.test_zenstay_iter3.TestUpload" name="test_upload_rejects_non_image" time="0.116" /><testcase classname="backend.tests.test_zenstay_iter3.TestUpload" name="test_upload_rejects_oversize" time="0.419" /><testcase classname="backend.tests.test_zenstay_iter3.TestUpload" name="test_upload_png_ok" time="0.291" /><testcase classname="backend.tests.test_zenstay_iter3.TestUpload" name="test_serve_file_ok" time="0.242" /><testcase classname="backend.tests.test_zenstay_iter3.TestUpload" name="test_serve_file_not_found" time="0.127" /><testcase classname="backend.tests.test_zenstay_iter3.TestEmailHelper" name="test_send_booking_confirmation_no_exception" time="0.440" /><testcase classname="backend.tests.test_zenstay_iter4.TestInvoiceNumberFormat" name="test_format_pattern" time="0.004" /><testcase classname="backend.tests.test_zenstay_iter4.TestInvoiceNumberFormat" name="test_uniqueness_batch" time="0.000" /><testcase classname="backend.tests.test_zenstay_iter4.TestInvoiceNumberFormat" name="test_yyyymm_matches_now" time="0.000" /><testcase classname="backend.tests.test_zenstay_iter4.TestHostNotificationHelper" name="test_event_new_no_exception" time="0.171" /><testcase classname="backend.tests.test_zenstay_iter4.TestHostNotificationHelper" name="test_event_paid_no_exception" time="0.163" /><testcase classname="backend.tests.test_zenstay_iter4.TestHostNotificationHelper" name="test_no_host_email_no_op" time="0.000" /><testcase classname="backend.tests.test_zenstay_iter4.TestMarkPaid" name="test_missing_reservation_no_raise" time="0.003" /><testcase classname="backend.tests.test_zenstay_iter4.TestMarkPaid" name="test_missing_listing_no_raise" time="0.003" /><testcase classname="backend.tests.test_zenstay_iter4.TestMarkPaid" name="test_marks_paid_and_assigns_invoice" time="0.385" /><testcase classname="backend.tests.test_zenstay_iter4.TestMarkPaid" name="test_idempotent_same_invoice_on_second_call" time="0.382" /><testcase classname="backend.tests.test_zenstay_iter4.TestInvoiceExposedOnAPI" name="test_admin_reservations_includes_invoice_number" time="0.580" /><testcase classname="backend.tests.test_zenstay_iter4.TestCreateReservationFiresHostNew" name="test_create_reservation_succeeds_with_host_notification" time="0.544" /><testcase classname="backend.tests.test_zenstay_iter5.TestPublicInvoice" name="test_404_unknown" time="0.123" /><testcase classname="backend.tests.test_zenstay_iter5.TestPublicInvoice" name="test_paid_invoice_payload" time="0.471" /><testcase classname="backend.tests.test_zenstay_iter5.TestPublicInvoice" name="test_no_auth_required" time="0.134" /><testcase classname="backend.tests.test_zenstay_iter5.TestHostMe" name="test_unauthenticated" time="0.113" /><testcase classname="backend.tests.test_zenstay_iter5.TestHostMe" name="test_non_host_returns_false" time="0.104" /><testcase classname="backend.tests.test_zenstay_iter5.TestHostMe" name="test_host_returns_true" time="0.130" /><testcase classname="backend.tests.test_zenstay_iter5.TestHostListings" name="test_host_sees_own" time="0.109" /><testcase classname="backend.tests.test_zenstay_iter5.TestHostListings" name="test_non_host_sees_empty" time="0.131" /><testcase classname="backend.tests.test_zenstay_iter5.TestHostUpdateListing" name="test_404_unknown" time="0.111" /><testcase classname="backend.tests.test_zenstay_iter5.TestHostUpdateListing" name="test_403_not_owner" time="0.135" /><testcase classname="backend.tests.test_zenstay_iter5.TestHostUpdateListing" name="test_host_updates_own_preserves_hote_email" time="0.118" /><testcase classname="backend.tests.test_zenstay_iter5.TestHostUpdateListing" name="test_admin_can_edit_other_host" time="0.128" /><testcase classname="backend.tests.test_zenstay_iter5.TestHostToggle" name="test_404_unknown" time="0.118" /><testcase classname="backend.tests.test_zenstay_iter5.TestHostToggle" name="test_403_not_owner" time="0.121" /><testcase classname="backend.tests.test_zenstay_iter5.TestHostToggle" name="test_host_toggles_own" time="0.245" /><testcase classname="backend.tests.test_zenstay_iter5.TestHostReservations" name="test_empty_for_non_host" time="0.119" /><testcase classname="backend.tests.test_zenstay_iter5.TestHostReservations" name="test_host_sees_reservations_on_own_listings" time="0.109" /><testcase classname="backend.tests.test_zenstay_iter5.TestHostStats" name="test_zero_for_non_host" time="0.105" /><testcase classname="backend.tests.test_zenstay_iter5.TestHostStats" name="test_host_stats_revenues" time="0.551" /><testcase classname="backend.tests.test_zenstay_iter5.TestBookingConfirmationAppOrigin" name="test_app_origin_none" time="0.179" /><testcase classname="backend.tests.test_zenstay_iter5.TestBookingConfirmationAppOrigin" name="test_app_origin_set" time="0.181" /></testsuite></testsuites>