<?xml version="1.0" encoding="utf-8"?><testsuites name="pytest tests"><testsuite name="pytest" errors="0" failures="0" skipped="0" tests="21" time="4.361" timestamp="2026-05-13T12:54:37.814501+00:00" hostname="agent-env-d2a4128d-d0bd-4d4d-bf2c-3dc09359c377"><testcase classname="backend.tests.test_zenstay_iter5.TestPublicInvoice" name="test_404_unknown" time="0.241" /><testcase classname="backend.tests.test_zenstay_iter5.TestPublicInvoice" name="test_paid_invoice_payload" time="0.868" /><testcase classname="backend.tests.test_zenstay_iter5.TestPublicInvoice" name="test_no_auth_required" time="0.126" /><testcase classname="backend.tests.test_zenstay_iter5.TestHostMe" name="test_unauthenticated" time="0.106" /><testcase classname="backend.tests.test_zenstay_iter5.TestHostMe" name="test_non_host_returns_false" time="0.142" /><testcase classname="backend.tests.test_zenstay_iter5.TestHostMe" name="test_host_returns_true" time="0.118" /><testcase classname="backend.tests.test_zenstay_iter5.TestHostListings" name="test_host_sees_own" time="0.111" /><testcase classname="backend.tests.test_zenstay_iter5.TestHostListings" name="test_non_host_sees_empty" time="0.108" /><testcase classname="backend.tests.test_zenstay_iter5.TestHostUpdateListing" name="test_404_unknown" time="0.148" /><testcase classname="backend.tests.test_zenstay_iter5.TestHostUpdateListing" name="test_403_not_owner" time="0.122" /><testcase classname="backend.tests.test_zenstay_iter5.TestHostUpdateListing" name="test_host_updates_own_preserves_hote_email" time="0.133" /><testcase classname="backend.tests.test_zenstay_iter5.TestHostUpdateListing" name="test_admin_can_edit_other_host" time="0.134" /><testcase classname="backend.tests.test_zenstay_iter5.TestHostToggle" name="test_404_unknown" time="0.118" /><testcase classname="backend.tests.test_zenstay_iter5.TestHostToggle" name="test_403_not_owner" time="0.120" /><testcase classname="backend.tests.test_zenstay_iter5.TestHostToggle" name="test_host_toggles_own" time="0.219" /><testcase classname="backend.tests.test_zenstay_iter5.TestHostReservations" name="test_empty_for_non_host" time="0.214" /><testcase classname="backend.tests.test_zenstay_iter5.TestHostReservations" name="test_host_sees_reservations_on_own_listings" time="0.137" /><testcase classname="backend.tests.test_zenstay_iter5.TestHostStats" name="test_zero_for_non_host" time="0.112" /><testcase classname="backend.tests.test_zenstay_iter5.TestHostStats" name="test_host_stats_revenues" time="0.474" /><testcase classname="backend.tests.test_zenstay_iter5.TestBookingConfirmationAppOrigin" name="test_app_origin_none" time="0.183" /><testcase classname="backend.tests.test_zenstay_iter5.TestBookingConfirmationAppOrigin" name="test_app_origin_set" time="0.273" /></testsuite></testsuites>