<?xml version="1.0" encoding="utf-8"?><testsuites name="pytest tests"><testsuite name="pytest" errors="0" failures="0" skipped="0" tests="39" time="10.600" timestamp="2026-05-13T12:43:48.606155+00:00" hostname="agent-env-d2a4128d-d0bd-4d4d-bf2c-3dc09359c377"><testcase classname="backend.tests.test_zenstay" name="test_root" time="0.154" /><testcase classname="backend.tests.test_zenstay" name="test_listings_public" time="0.101" /><testcase classname="backend.tests.test_zenstay" name="test_listing_detail" time="0.231" /><testcase classname="backend.tests.test_zenstay" name="test_listing_not_found" time="0.116" /><testcase classname="backend.tests.test_zenstay" name="test_session_bad" time="0.234" /><testcase classname="backend.tests.test_zenstay" name="test_session_missing" time="0.103" /><testcase classname="backend.tests.test_zenstay" name="test_me_no_auth" time="0.103" /><testcase classname="backend.tests.test_zenstay" name="test_me_bearer" time="0.120" /><testcase classname="backend.tests.test_zenstay" name="test_reservation_requires_auth" time="0.113" /><testcase classname="backend.tests.test_zenstay" name="test_reservation_create_and_list" time="1.047" /><testcase classname="backend.tests.test_zenstay" name="test_admin_listings_auth" time="0.340" /><testcase classname="backend.tests.test_zenstay" name="test_admin_crud_listing" time="0.596" /><testcase classname="backend.tests.test_zenstay" name="test_admin_reservations_auth" time="0.329" /><testcase classname="backend.tests.test_zenstay" name="test_payment_requires_auth" time="0.111" /><testcase classname="backend.tests.test_zenstay" name="test_payment_checkout_and_status" time="1.694" /><testcase classname="backend.tests.test_zenstay" name="test_payment_status_unknown" time="0.148" /><testcase classname="backend.tests.test_zenstay_iter3.TestHostContact" name="test_create_host_contact_public" time="0.400" /><testcase classname="backend.tests.test_zenstay_iter3.TestHostContact" name="test_create_host_contact_invalid_email" time="0.105" /><testcase classname="backend.tests.test_zenstay_iter3.TestHostContact" name="test_admin_host_contacts_auth" time="0.321" /><testcase classname="backend.tests.test_zenstay_iter3.TestUpload" name="test_upload_requires_auth" time="0.110" /><testcase classname="backend.tests.test_zenstay_iter3.TestUpload" name="test_upload_forbidden_for_user" time="0.106" /><testcase classname="backend.tests.test_zenstay_iter3.TestUpload" name="test_upload_rejects_non_image" time="0.112" /><testcase classname="backend.tests.test_zenstay_iter3.TestUpload" name="test_upload_rejects_oversize" time="0.415" /><testcase classname="backend.tests.test_zenstay_iter3.TestUpload" name="test_upload_png_ok" time="0.313" /><testcase classname="backend.tests.test_zenstay_iter3.TestUpload" name="test_serve_file_ok" time="0.271" /><testcase classname="backend.tests.test_zenstay_iter3.TestUpload" name="test_serve_file_not_found" time="0.125" /><testcase classname="backend.tests.test_zenstay_iter3.TestEmailHelper" name="test_send_booking_confirmation_no_exception" time="0.419" /><testcase classname="backend.tests.test_zenstay_iter4.TestInvoiceNumberFormat" name="test_format_pattern" time="0.004" /><testcase classname="backend.tests.test_zenstay_iter4.TestInvoiceNumberFormat" name="test_uniqueness_batch" time="0.000" /><testcase classname="backend.tests.test_zenstay_iter4.TestInvoiceNumberFormat" name="test_yyyymm_matches_now" time="0.000" /><testcase classname="backend.tests.test_zenstay_iter4.TestHostNotificationHelper" name="test_event_new_no_exception" time="0.180" /><testcase classname="backend.tests.test_zenstay_iter4.TestHostNotificationHelper" name="test_event_paid_no_exception" time="0.147" /><testcase classname="backend.tests.test_zenstay_iter4.TestHostNotificationHelper" name="test_no_host_email_no_op" time="0.000" /><testcase classname="backend.tests.test_zenstay_iter4.TestMarkPaid" name="test_missing_reservation_no_raise" time="0.003" /><testcase classname="backend.tests.test_zenstay_iter4.TestMarkPaid" name="test_missing_listing_no_raise" time="0.003" /><testcase classname="backend.tests.test_zenstay_iter4.TestMarkPaid" name="test_marks_paid_and_assigns_invoice" time="0.378" /><testcase classname="backend.tests.test_zenstay_iter4.TestMarkPaid" name="test_idempotent_same_invoice_on_second_call" time="0.341" /><testcase classname="backend.tests.test_zenstay_iter4.TestInvoiceExposedOnAPI" name="test_admin_reservations_includes_invoice_number" time="0.594" /><testcase classname="backend.tests.test_zenstay_iter4.TestCreateReservationFiresHostNew" name="test_create_reservation_succeeds_with_host_notification" time="0.567" /></testsuite></testsuites>