<?xml version="1.0" encoding="utf-8"?><testsuites name="pytest tests"><testsuite name="pytest" errors="0" failures="0" skipped="0" tests="12" time="2.789" timestamp="2026-05-13T12:43:39.882434+00:00" hostname="agent-env-d2a4128d-d0bd-4d4d-bf2c-3dc09359c377"><testcase classname="backend.tests.test_zenstay_iter4.TestInvoiceNumberFormat" name="test_format_pattern" time="0.262" /><testcase classname="backend.tests.test_zenstay_iter4.TestInvoiceNumberFormat" name="test_uniqueness_batch" time="0.000" /><testcase classname="backend.tests.test_zenstay_iter4.TestInvoiceNumberFormat" name="test_yyyymm_matches_now" time="0.000" /><testcase classname="backend.tests.test_zenstay_iter4.TestHostNotificationHelper" name="test_event_new_no_exception" time="0.285" /><testcase classname="backend.tests.test_zenstay_iter4.TestHostNotificationHelper" name="test_event_paid_no_exception" time="0.195" /><testcase classname="backend.tests.test_zenstay_iter4.TestHostNotificationHelper" name="test_no_host_email_no_op" time="0.000" /><testcase classname="backend.tests.test_zenstay_iter4.TestMarkPaid" name="test_missing_reservation_no_raise" time="0.003" /><testcase classname="backend.tests.test_zenstay_iter4.TestMarkPaid" name="test_missing_listing_no_raise" time="0.003" /><testcase classname="backend.tests.test_zenstay_iter4.TestMarkPaid" name="test_marks_paid_and_assigns_invoice" time="0.325" /><testcase classname="backend.tests.test_zenstay_iter4.TestMarkPaid" name="test_idempotent_same_invoice_on_second_call" time="0.324" /><testcase classname="backend.tests.test_zenstay_iter4.TestInvoiceExposedOnAPI" name="test_admin_reservations_includes_invoice_number" time="0.698" /><testcase classname="backend.tests.test_zenstay_iter4.TestCreateReservationFiresHostNew" name="test_create_reservation_succeeds_with_host_notification" time="0.551" /></testsuite></testsuites>