<?xml version="1.0" encoding="utf-8"?><testsuites name="pytest tests"><testsuite name="pytest" errors="0" failures="0" skipped="0" tests="27" time="9.094" timestamp="2026-05-13T12:42:32.163774+00:00" hostname="agent-env-d2a4128d-d0bd-4d4d-bf2c-3dc09359c377"><testcase classname="backend.tests.test_zenstay" name="test_root" time="0.274" /><testcase classname="backend.tests.test_zenstay" name="test_listings_public" time="0.115" /><testcase classname="backend.tests.test_zenstay" name="test_listing_detail" time="0.220" /><testcase classname="backend.tests.test_zenstay" name="test_listing_not_found" time="0.149" /><testcase classname="backend.tests.test_zenstay" name="test_session_bad" time="0.258" /><testcase classname="backend.tests.test_zenstay" name="test_session_missing" time="0.111" /><testcase classname="backend.tests.test_zenstay" name="test_me_no_auth" time="0.115" /><testcase classname="backend.tests.test_zenstay" name="test_me_bearer" time="0.201" /><testcase classname="backend.tests.test_zenstay" name="test_reservation_requires_auth" time="0.153" /><testcase classname="backend.tests.test_zenstay" name="test_reservation_create_and_list" time="1.086" /><testcase classname="backend.tests.test_zenstay" name="test_admin_listings_auth" time="0.377" /><testcase classname="backend.tests.test_zenstay" name="test_admin_crud_listing" time="0.703" /><testcase classname="backend.tests.test_zenstay" name="test_admin_reservations_auth" time="0.349" /><testcase classname="backend.tests.test_zenstay" name="test_payment_requires_auth" time="0.181" /><testcase classname="backend.tests.test_zenstay" name="test_payment_checkout_and_status" time="1.893" /><testcase classname="backend.tests.test_zenstay" name="test_payment_status_unknown" time="0.163" /><testcase classname="backend.tests.test_zenstay_iter3.TestHostContact" name="test_create_host_contact_public" time="0.385" /><testcase classname="backend.tests.test_zenstay_iter3.TestHostContact" name="test_create_host_contact_invalid_email" time="0.117" /><testcase classname="backend.tests.test_zenstay_iter3.TestHostContact" name="test_admin_host_contacts_auth" time="0.320" /><testcase classname="backend.tests.test_zenstay_iter3.TestUpload" name="test_upload_requires_auth" time="0.105" /><testcase classname="backend.tests.test_zenstay_iter3.TestUpload" name="test_upload_forbidden_for_user" time="0.107" /><testcase classname="backend.tests.test_zenstay_iter3.TestUpload" name="test_upload_rejects_non_image" time="0.129" /><testcase classname="backend.tests.test_zenstay_iter3.TestUpload" name="test_upload_rejects_oversize" time="0.414" /><testcase classname="backend.tests.test_zenstay_iter3.TestUpload" name="test_upload_png_ok" time="0.234" /><testcase classname="backend.tests.test_zenstay_iter3.TestUpload" name="test_serve_file_ok" time="0.208" /><testcase classname="backend.tests.test_zenstay_iter3.TestUpload" name="test_serve_file_not_found" time="0.102" /><testcase classname="backend.tests.test_zenstay_iter3.TestEmailHelper" name="test_send_booking_confirmation_no_exception" time="0.439" /></testsuite></testsuites>