<?xml version="1.0" encoding="utf-8"?><testsuites name="pytest tests"><testsuite name="pytest" errors="0" failures="1" skipped="0" tests="16" time="6.574" timestamp="2026-05-13T11:55:26.835274+00:00" hostname="agent-env-d2a4128d-d0bd-4d4d-bf2c-3dc09359c377"><testcase classname="backend.tests.test_zenstay" name="test_root" time="0.316" /><testcase classname="backend.tests.test_zenstay" name="test_listings_public" time="0.140" /><testcase classname="backend.tests.test_zenstay" name="test_listing_detail" time="0.267" /><testcase classname="backend.tests.test_zenstay" name="test_listing_not_found" time="0.111" /><testcase classname="backend.tests.test_zenstay" name="test_session_bad" time="0.214" /><testcase classname="backend.tests.test_zenstay" name="test_session_missing" time="0.119" /><testcase classname="backend.tests.test_zenstay" name="test_me_no_auth" time="0.131" /><testcase classname="backend.tests.test_zenstay" name="test_me_bearer" time="0.213" /><testcase classname="backend.tests.test_zenstay" name="test_reservation_requires_auth" time="0.201" /><testcase classname="backend.tests.test_zenstay" name="test_reservation_create_and_list" time="0.793" /><testcase classname="backend.tests.test_zenstay" name="test_admin_listings_auth" time="0.468" /><testcase classname="backend.tests.test_zenstay" name="test_admin_crud_listing" time="0.629" /><testcase classname="backend.tests.test_zenstay" name="test_admin_reservations_auth" time="0.332" /><testcase classname="backend.tests.test_zenstay" name="test_payment_requires_auth" time="0.139" /><testcase classname="backend.tests.test_zenstay" name="test_payment_checkout_and_status" time="2.158"><failure message="assert 500 == 200&#10; +  where 500 = &lt;Response [500]&gt;.status_code">backend/tests/test_zenstay.py:196: in test_payment_checkout_and_status
    assert r2.status_code == 200
E   assert 500 == 200
E    +  where 500 = &lt;Response [500]&gt;.status_code</failure></testcase><testcase classname="backend.tests.test_zenstay" name="test_payment_status_unknown" time="0.124" /></testsuite></testsuites>