<?xml version="1.0" encoding="utf-8"?><testsuites name="pytest tests"><testsuite name="pytest" errors="0" failures="0" skipped="0" tests="16" time="5.513" timestamp="2026-05-13T12:19:06.480978+00:00" hostname="agent-env-d2a4128d-d0bd-4d4d-bf2c-3dc09359c377"><testcase classname="backend.tests.test_zenstay" name="test_root" time="0.139" /><testcase classname="backend.tests.test_zenstay" name="test_listings_public" time="0.102" /><testcase classname="backend.tests.test_zenstay" name="test_listing_detail" time="0.335" /><testcase classname="backend.tests.test_zenstay" name="test_listing_not_found" time="0.131" /><testcase classname="backend.tests.test_zenstay" name="test_session_bad" time="0.220" /><testcase classname="backend.tests.test_zenstay" name="test_session_missing" time="0.142" /><testcase classname="backend.tests.test_zenstay" name="test_me_no_auth" time="0.101" /><testcase classname="backend.tests.test_zenstay" name="test_me_bearer" time="0.114" /><testcase classname="backend.tests.test_zenstay" name="test_reservation_requires_auth" time="0.099" /><testcase classname="backend.tests.test_zenstay" name="test_reservation_create_and_list" time="0.753" /><testcase classname="backend.tests.test_zenstay" name="test_admin_listings_auth" time="0.307" /><testcase classname="backend.tests.test_zenstay" name="test_admin_crud_listing" time="0.696" /><testcase classname="backend.tests.test_zenstay" name="test_admin_reservations_auth" time="0.358" /><testcase classname="backend.tests.test_zenstay" name="test_payment_requires_auth" time="0.115" /><testcase classname="backend.tests.test_zenstay" name="test_payment_checkout_and_status" time="1.633" /><testcase classname="backend.tests.test_zenstay" name="test_payment_status_unknown" time="0.138" /></testsuite></testsuites>